<?xml version="1.0" encoding="UTF-8"?>
<!-- Generated by org.testng.reporters.JUnitXMLReporter -->
<testsuite hostname="Praveen" name="Default test" tests="4" failures="0" timestamp="15 Nov 2022 18:57:51 GMT" time="3.477" errors="0">
  <testcase name="GetWeatherDetailsCondensed" time="3.023" classname="Rest_Test.Get_Data"/>
  <testcase name="GetWeatherDetailsCondensed" time="3.023" classname="Rest_Test.Get_Data"/>
  <testcase name="testResponsecode" time="0.414" classname="Rest_Test.Get_Data"/>
  <testcase name="testResponsecode" time="0.414" classname="Rest_Test.Get_Data"/>
</testsuite> <!-- Default test -->
